0 verbose cli C:\nodejs\node.exe C:\Users\sebak\AppData\Local\nvm\v20.19.5\node_modules\npm\bin\npm-cli.js
1 info using npm@10.8.2
2 info using node@v20.19.5
3 silly config load:file:C:\Users\sebak\AppData\Local\nvm\v20.19.5\node_modules\npm\npmrc
4 silly config load:file:C:\Users\sebak\Desktop\Upsellio\upsellio\.npmrc
5 silly config load:file:C:\Users\sebak\.npmrc
6 silly config load:file:C:\nodejs\etc\npmrc
7 verbose title npm exec lighthouse https://upsellio.pl --preset=desktop --only-categories=performance,accessibility,best-practices,seo --output=json --output-path=reports/lighthouse-desktop.json --quiet
8 verbose argv "exec" "--" "lighthouse" "https://upsellio.pl" "--preset=desktop" "--only-categories=performance,accessibility,best-practices,seo" "--output=json" "--output-path=reports/lighthouse-desktop.json" "--quiet"
9 verbose logfile logs-max:10 dir:C:\Users\sebak\Desktop\Upsellio\upsellio\.npm-cache\_logs\2026-04-21T19_33_22_269Z-
10 verbose logfile C:\Users\sebak\Desktop\Upsellio\upsellio\.npm-cache\_logs\2026-04-21T19_33_22_269Z-debug-0.log
11 silly logfile done cleaning log files
12 silly packumentCache heap:4345298944 maxSize:1086324736 maxEntrySize:543162368
13 http fetch GET 200 https://registry.npmjs.org/lighthouse 221ms (cache revalidated)
14 silly packumentCache heap:4345298944 maxSize:1086324736 maxEntrySize:543162368
15 silly packumentCache heap:4345298944 maxSize:1086324736 maxEntrySize:543162368
16 verbose cwd C:\Users\sebak\Desktop\Upsellio\upsellio
17 verbose os Windows_NT 10.0.26200
18 verbose node v20.19.5
19 verbose npm  v10.8.2
20 verbose exit 0
21 info ok
